<?xml version="1.0" encoding="UTF-8"?>
<!-- Generated by org.testng.reporters.JUnitReportReporter -->
<testsuite hostname="火乐乐的电脑" name="test.FrontEndMyMovie" tests="2" failures="0" timestamp="17 Nov 2017 02:57:51 GMT" time="13.721" errors="0">
  <testcase name="testLogin" time="7.529" classname="test.FrontEndMyMovie"/>
  <testcase name="addMovie" time="6.192" classname="test.FrontEndMyMovie"/>
</testsuite> <!-- test.FrontEndMyMovie -->
